-------------------------------------------------------------------------------
Test set: com.zerobank.runners.CukesRunner
-------------------------------------------------------------------------------
Tests run: 28, Failures: 1, Errors: 0, Skipped: 0, Time elapsed: 205.352 s <<< FAILURE! - in com.zerobank.runners.CukesRunner
Available currencies(Purchase Foreign Currency)  Time elapsed: 7.138 s  <<< FAILURE!
java.lang.AssertionError

