<?xml version="1.0" encoding="UTF-8"?>
<testsuite xmlns:xsi="http://www.w3.org/2001/XMLSchema-instance" xsi:noNamespaceSchemaLocation="https://maven.apache.org/surefire/maven-surefire-plugin/xsd/surefire-test-report.xsd" name="com.zerobank.runners.CukesRunner" time="205.352" tests="28" errors="0" skipped="0" failures="1">
  <properties>
[...]
</properties>
  <testcase name="Account Activity page should have the title Zero – Account activity." classname="Account activity functions" time="7.415"/>
  <testcase name="Account drop down default option should be Savings" classname="Account activity functions" time="6.605"/>
  <testcase name="Transactions table should have column names" classname="Account activity functions" time="6.576"/>
  <testcase name="Loan account redirect" classname="Account activity functions" time="6.314"/>
  <testcase name="Savings account redirect" classname="Account activity functions" time="6.445"/>
  <testcase name="Brokerage account redirect" classname="Account activity functions" time="6.441"/>
  <testcase name="Checking account redirect" classname="Account activity functions" time="6.963"/>
  <testcase name="Credit Card account redirect" classname="Account activity functions" time="8.57"/>
  <testcase name="Account summary page should have the title Zero – Account summary" classname="Account summary functions" time="5.251"/>
  <testcase name="Account summary page should have to following account types.." classname="Account summary functions" time="6.356"/>
  <testcase name="Credit Accounts table must have columns.." classname="Account summary functions" time="5.669"/>
  <testcase name="Add a new payee" classname="Add new payee under pay bills" time="8.492"/>
  <testcase name="Search date range" classname="Find Transactions in Account Activity" time="12.491"/>
  <testcase name="Search description" classname="Find Transactions in Account Activity" time="7.11"/>
  <testcase name="Search description2" classname="Find Transactions in Account Activity" time="7.048"/>
  <testcase name="Search description case insensitive" classname="Find Transactions in Account Activity" time="8.09"/>
  <testcase name="Type" classname="Find Transactions in Account Activity" time="9.37"/>
  <testcase name="Type2" classname="Find Transactions in Account Activity" time="8.556"/>
  <testcase name="Type3" classname="Find Transactions in Account Activity" time="7.986"/>
  <testcase name="Login with valid credentials" classname="Users should be able to login" time="5.432"/>
  <testcase name="Login with invalid credentials" classname="Users should be able to login" time="5.964"/>
  <testcase name="Users with blank username or password should not be able to login" classname="Users should be able to login" time="6.469"/>
  <testcase name="Pay Bills page should have the title Zero – Pay Bill" classname="Pay Bills page functions" time="6.426"/>
  <testcase name="After successful Pay operation, The payment was successfully submitted. should be displayed" classname="Pay Bills page functions" time="8.532"/>
  <testcase name="make a payment without entering the amount or date,Please fill out this field message! should be displayed." classname="Pay Bills page functions" time="8.872"/>
  <testcase name="Available currencies" classname="Purchase Foreign Currency" time="7.138">
    <failure type="java.lang.AssertionError">java.lang.AssertionError
</failure>
    <system-out><![CDATA[[Select One, Australia (dollar), Canada (dollar), Switzerland (franc), China (yuan), Denmark (krone), Eurozone (euro), Great Britain (pound), Hong Kong (dollar), Japan (yen), Mexico (peso), Norway (krone), New Zealand (dollar), Sweden (krona), Singapore (dollar), Thailand (baht)]
[Australia (dollar), Canada (dollar), Switzerland (franc), China (yuan), Denmark (krone), Eurozone (euro), Great Britain (pound), Japan (yen), Mexico (peso), Norway (krone), New Zealand (dollar), Singapore (dollar)]
]]></system-out>
    <system-err><![CDATA[Starting ChromeDriver 96.0.4664.45 (76e4c1bb2ab4671b8beba3444e61c0f17584b2fc-refs/branch-heads/4664@{#947}) on port 20727
Only local connections are allowed.
Please see https://chromedriver.chromium.org/security-considerations for suggestions on keeping ChromeDriver safe.
ChromeDriver was started successfully.
Jan 02, 2022 12:49:11 PM org.openqa.selenium.remote.ProtocolHandshake createSession
INFO: Detected dialect: W3C
]]></system-err>
  </testcase>
  <testcase name="Error message for not selecting currency" classname="Purchase Foreign Currency" time="6.899"/>
  <testcase name="Error message for not entering value" classname="Purchase Foreign Currency" time="7.152"/>
</testsuite>